This file contains any messages produced by compilers while
running configure, to aid debugging if configure makes a mistake.

It was created by libstudxml configure 1.0.1, which was
generated by GNU Autoconf 2.69.  Invocation command line was

  $ ./configure 

## --------- ##
## Platform. ##
## --------- ##

hostname = PC
uname -m = x86_64
uname -r = 5.11.0-43-generic
uname -s = Linux
uname -v = #47~20.04.2-Ubuntu SMP Mon Dec 13 11:06:56 UTC 2021

/usr/bin/uname -p = x86_64
/bin/uname -X     = unknown

/bin/arch              = x86_64
/usr/bin/arch -k       = unknown
/usr/convex/getsysinfo = unknown
/usr/bin/hostinfo      = unknown
/bin/machine           = unknown
/usr/bin/oslevel       = unknown
/bin/universe          = unknown

PATH: /home/jonathan/Bureau/temp/How-to-install-SimpleScalar-on-Ubuntu/build
PATH: /home/jonathan/Bureau/temp/How-to-install-SimpleScalar-on-Ubuntu/build/bin
PATH: /home/jonathan/.local/bin
PATH: /usr/local/sbin
PATH: /usr/local/bin
PATH: /usr/sbin
PATH: /usr/bin
PATH: /sbin
PATH: /bin
PATH: /usr/games
PATH: /usr/local/games
PATH: /snap/bin


## ----------- ##
## Core tests. ##
## ----------- ##

configure:2347: checking for a BSD-compatible install
configure:2415: result: /usr/bin/install -c
configure:2426: checking whether build environment is sane
configure:2481: result: yes
configure:2630: checking for a thread-safe mkdir -p
configure:2669: result: /usr/bin/mkdir -p
configure:2676: checking for gawk
configure:2692: found /usr/bin/gawk
configure:2703: result: gawk
configure:2714: checking whether make sets $(MAKE)
configure:2736: result: yes
configure:2817: checking how to create a ustar tar archive
configure:2830: tar --version
tar (GNU tar) 1.30
Copyright (C) 2017 Free Software Foundation, Inc.
License GPLv3+: GNU GPL version 3 or later <https://gnu.org/licenses/gpl.html>.
This is free software: you are free to change and redistribute it.
There is NO WARRANTY, to the extent permitted by law.

Written by John Gilmore and Jay Fenlason.
configure:2833: $? = 0
configure:2873: tardir=conftest.dir && eval tar --format=ustar -chf - "$tardir" >conftest.tar
configure:2876: $? = 0
configure:2880: tar -xf - <conftest.tar
configure:2883: $? = 0
configure:2896: result: gnutar
configure:2915: checking for style of include used by make
configure:2943: result: GNU
configure:3014: checking for gcc
configure:3030: found /usr/bin/gcc
configure:3041: result: gcc
configure:3270: checking for C compiler version
configure:3279: gcc --version >&5
gcc (Ubuntu 11.1.0-1ubuntu1~20.04) 11.1.0
Copyright (C) 2021 Free Software Foundation, Inc.
This is free software; see the source for copying conditions.  There is NO
warranty; not even for MERCHANTABILITY or FITNESS FOR A PARTICULAR PURPOSE.

configure:3290: $? = 0
configure:3279: gcc -v >&5
Using built-in specs.
COLLECT_GCC=gcc
COLLECT_LTO_WRAPPER=/usr/lib/gcc/x86_64-linux-gnu/11/lto-wrapper
OFFLOAD_TARGET_NAMES=nvptx-none:amdgcn-amdhsa
OFFLOAD_TARGET_DEFAULT=1
Target: x86_64-linux-gnu
Configured with: ../src/configure -v --with-pkgversion='Ubuntu 11.1.0-1ubuntu1~20.04' --with-bugurl=file:///usr/share/doc/gcc-11/README.Bugs --enable-languages=c,ada,c++,go,brig,d,fortran,objc,obj-c++,m2 --prefix=/usr --with-gcc-major-version-only --program-suffix=-11 --program-prefix=x86_64-linux-gnu- --enable-shared --enable-linker-build-id --libexecdir=/usr/lib --without-included-gettext --enable-threads=posix --libdir=/usr/lib --enable-nls --enable-bootstrap --enable-clocale=gnu --enable-libstdcxx-debug --enable-libstdcxx-time=yes --with-default-libstdcxx-abi=new --enable-gnu-unique-object --disable-vtable-verify --enable-plugin --enable-default-pie --with-system-zlib --enable-libphobos-checking=release --with-target-system-zlib=auto --enable-objc-gc=auto --enable-multiarch --disable-werror --disable-cet --with-arch-32=i686 --with-abi=m64 --with-multilib-list=m32,m64,mx32 --enable-multilib --with-tune=generic --enable-offload-targets=nvptx-none=/build/gcc-11-2V7zgg/gcc-11-11.1.0/debian/tmp-nvptx/usr,amdgcn-amdhsa=/build/gcc-11-2V7zgg/gcc-11-11.1.0/debian/tmp-gcn/usr --without-cuda-driver --enable-checking=release --build=x86_64-linux-gnu --host=x86_64-linux-gnu --target=x86_64-linux-gnu --with-build-config=bootstrap-lto-lean --enable-link-serialization=2
Thread model: posix
Supported LTO compression algorithms: zlib zstd
gcc version 11.1.0 (Ubuntu 11.1.0-1ubuntu1~20.04) 
... rest of stderr output deleted ...
configure:3290: $? = 0
configure:3279: gcc -V >&5
gcc: error: unrecognized command-line option '-V'
gcc: fatal error: no input files
compilation terminated.
configure:3290: $? = 1
configure:3279: gcc -qversion >&5
gcc: error: unrecognized command-line option '-qversion'; did you mean '--version'?
gcc: fatal error: no input files
compilation terminated.
configure:3290: $? = 1
configure:3310: checking whether the C compiler works
configure:3332: gcc    conftest.c  >&5
configure:3336: $? = 0
configure:3384: result: yes
configure:3387: checking for C compiler default output file name
configure:3389: result: a.out
configure:3395: checking for suffix of executables
configure:3402: gcc -o conftest    conftest.c  >&5
configure:3406: $? = 0
configure:3428: result: 
configure:3450: checking whether we are cross compiling
configure:3458: gcc -o conftest    conftest.c  >&5
configure:3462: $? = 0
configure:3469: ./conftest
configure:3473: $? = 0
configure:3461: result: no
configure:3466: checking for suffix of object files
configure:3488: gcc -c   conftest.c >&5
configure:3492: $? = 0
configure:3513: result: o
configure:3517: checking whether we are using the GNU C compiler
configure:3536: gcc -c   conftest.c >&5
configure:3536: $? = 0
configure:3545: result: yes
configure:3554: checking whether gcc accepts -g
configure:3574: gcc -c -g  conftest.c >&5
configure:3574: $? = 0
configure:3615: result: yes
configure:3632: checking for gcc option to accept ISO C89
configure:3695: gcc  -c -g -O2  conftest.c >&5
configure:3695: $? = 0
configure:3708: result: none needed
configure:3730: checking dependency style of gcc
configure:3841: result: gcc3
configure:3906: checking for ar
configure:3922: found /usr/bin/ar
configure:3933: result: ar
configure:3959: checking the archiver (ar) interface
configure:3969: gcc -c -g -O2  conftest.c >&5
configure:3969: $? = 0
configure:3971: ar cru libconftest.a conftest.o >&5
ar: `u' modifier ignored since `D' is the default (see `U')
configure:3974: $? = 0
configure:3973: result: ar
configure:4023: checking build system type
configure:4037: result: x86_64-unknown-linux-gnu
configure:4057: checking host system type
configure:4070: result: x86_64-unknown-linux-gnu
configure:4111: checking how to print strings
configure:4138: result: printf
configure:4159: checking for a sed that does not truncate output
configure:4223: result: /usr/bin/sed
configure:4241: checking for grep that handles long lines and -e
configure:4299: result: /usr/bin/grep
configure:4304: checking for egrep
configure:4366: result: /usr/bin/grep -E
configure:4371: checking for fgrep
configure:4433: result: /usr/bin/grep -F
configure:4468: checking for ld used by gcc
configure:4535: result: /usr/bin/ld
configure:4542: checking if the linker (/usr/bin/ld) is GNU ld
configure:4557: result: yes
configure:4569: checking for BSD- or MS-compatible name lister (nm)
configure:4618: result: /usr/bin/nm -B
configure:4748: checking the name lister (/usr/bin/nm -B) interface
configure:4755: gcc -c -g -O2  conftest.c >&5
configure:4758: /usr/bin/nm -B "conftest.o"
configure:4761: output
0000000000000000 B some_variable
configure:4762: result: BSD nm
configure:4765: checking whether ln -s works
configure:4769: result: yes
configure:4777: checking the maximum length of command line arguments
configure:4908: result: 1572864
configure:4925: checking whether the shell understands some XSI constructs
configure:4934: result: yes
configure:4938: checking whether the shell understands "+="
configure:4942: result: yes
configure:4977: checking how to convert x86_64-unknown-linux-gnu file names to x86_64-unknown-linux-gnu format
configure:5017: result: func_convert_file_noop
configure:5024: checking how to convert x86_64-unknown-linux-gnu file names to toolchain format
configure:5044: result: func_convert_file_noop
configure:5051: checking for /usr/bin/ld option to reload object files
configure:5058: result: -r
configure:5132: checking for objdump
configure:5148: found /usr/bin/objdump
configure:5159: result: objdump
configure:5188: checking how to recognize dependent libraries
configure:5386: result: pass_all
configure:5471: checking for dlltool
configure:5501: result: no
configure:5528: checking how to associate runtime and link libraries
configure:5555: result: printf %s\n
configure:5679: checking for archiver @FILE support
configure:5696: gcc -c -g -O2  conftest.c >&5
configure:5696: $? = 0
configure:5699: ar cru libconftest.a @conftest.lst >&5
ar: `u' modifier ignored since `D' is the default (see `U')
configure:5702: $? = 0
configure:5707: ar cru libconftest.a @conftest.lst >&5
ar: `u' modifier ignored since `D' is the default (see `U')
ar: conftest.o: No such file or directory
configure:5710: $? = 1
configure:5709: result: @
configure:5767: checking for strip
configure:5783: found /usr/bin/strip
configure:5794: result: strip
configure:5866: checking for ranlib
configure:5882: found /usr/bin/ranlib
configure:5893: result: ranlib
configure:5995: checking command to parse /usr/bin/nm -B output from gcc object
configure:6115: gcc -c -g -O2  conftest.c >&5
configure:6118: $? = 0
configure:6122: /usr/bin/nm -B conftest.o \| sed -n -e 's/^.*[ ]\([ABCDGIRSTW][ABCDGIRSTW]*\)[ ][ ]*\([_A-Za-z][_A-Za-z0-9]*\)$/\1 \2 \2/p' | sed '/ __gnu_lto/d' \> conftest.nm
configure:6125: $? = 0
configure:6191: gcc -o conftest -g -O2   conftest.c conftstm.o >&5
configure:6194: $? = 0
configure:6232: result: ok
configure:6269: checking for sysroot
configure:6299: result: no
configure:6376: gcc -c -g -O2  conftest.c >&5
configure:6379: $? = 0
configure:6562: checking for mt
configure:6578: found /usr/bin/mt
configure:6589: result: mt
configure:6612: checking if mt is a manifest tool
configure:6618: mt '-?'
configure:6626: result: no
configure:7268: checking how to run the C preprocessor
configure:7299: gcc -E  conftest.c
configure:7299: $? = 0
configure:7313: gcc -E  conftest.c
conftest.c:11:10: fatal error: ac_nonexistent.h: No such file or directory
   11 | #include <ac_nonexistent.h>
      |          ^~~~~~~~~~~~~~~~~~
compilation terminated.
configure:7313: $? = 1
configure: failed program was:
| /* confdefs.h */
| #define PACKAGE_NAME "libstudxml"
| #define PACKAGE_TARNAME "libstudxml"
| #define PACKAGE_VERSION "1.0.1"
| #define PACKAGE_STRING "libstudxml 1.0.1"
| #define PACKAGE_BUGREPORT "studxml-users@codesynthesis.com"
| #define PACKAGE_URL ""
| #define PACKAGE "libstudxml"
| #define VERSION "1.0.1"
| /* end confdefs.h.  */
| #include <ac_nonexistent.h>
configure:7338: result: gcc -E
configure:7358: gcc -E  conftest.c
configure:7358: $? = 0
configure:7372: gcc -E  conftest.c
conftest.c:11:10: fatal error: ac_nonexistent.h: No such file or directory
   11 | #include <ac_nonexistent.h>
      |          ^~~~~~~~~~~~~~~~~~
compilation terminated.
configure:7372: $? = 1
configure: failed program was:
| /* confdefs.h */
| #define PACKAGE_NAME "libstudxml"
| #define PACKAGE_TARNAME "libstudxml"
| #define PACKAGE_VERSION "1.0.1"
| #define PACKAGE_STRING "libstudxml 1.0.1"
| #define PACKAGE_BUGREPORT "studxml-users@codesynthesis.com"
| #define PACKAGE_URL ""
| #define PACKAGE "libstudxml"
| #define VERSION "1.0.1"
| /* end confdefs.h.  */
| #include <ac_nonexistent.h>
configure:7401: checking for ANSI C header files
configure:7421: gcc -c -g -O2  conftest.c >&5
configure:7421: $? = 0
configure:7494: gcc -o conftest -g -O2   conftest.c  >&5
configure:7494: $? = 0
configure:7494: ./conftest
configure:7494: $? = 0
configure:7505: result: yes
configure:7518: checking for sys/types.h
configure:7518: gcc -c -g -O2  conftest.c >&5
configure:7518: $? = 0
configure:7518: result: yes
configure:7518: checking for sys/stat.h
configure:7518: gcc -c -g -O2  conftest.c >&5
configure:7518: $? = 0
configure:7518: result: yes
configure:7518: checking for stdlib.h
configure:7518: gcc -c -g -O2  conftest.c >&5
configure:7518: $? = 0
configure:7518: result: yes
configure:7518: checking for string.h
configure:7518: gcc -c -g -O2  conftest.c >&5
configure:7518: $? = 0
configure:7518: result: yes
configure:7518: checking for memory.h
configure:7518: gcc -c -g -O2  conftest.c >&5
configure:7518: $? = 0
configure:7518: result: yes
configure:7518: checking for strings.h
configure:7518: gcc -c -g -O2  conftest.c >&5
configure:7518: $? = 0
configure:7518: result: yes
configure:7518: checking for inttypes.h
configure:7518: gcc -c -g -O2  conftest.c >&5
configure:7518: $? = 0
configure:7518: result: yes
configure:7518: checking for stdint.h
configure:7518: gcc -c -g -O2  conftest.c >&5
configure:7518: $? = 0
configure:7518: result: yes
configure:7518: checking for unistd.h
configure:7518: gcc -c -g -O2  conftest.c >&5
configure:7518: $? = 0
configure:7518: result: yes
configure:7532: checking for dlfcn.h
configure:7532: gcc -c -g -O2  conftest.c >&5
configure:7532: $? = 0
configure:7532: result: yes
configure:8036: checking for objdir
configure:8051: result: .libs
configure:8322: checking if gcc supports -fno-rtti -fno-exceptions
configure:8340: gcc -c -g -O2  -fno-rtti -fno-exceptions conftest.c >&5
cc1: warning: command-line option '-fno-rtti' is valid for C++/D/ObjC++ but not for C
configure:8344: $? = 0
configure:8357: result: no
configure:8684: checking for gcc option to produce PIC
configure:8691: result: -fPIC -DPIC
configure:8699: checking if gcc PIC flag -fPIC -DPIC works
configure:8717: gcc -c -g -O2  -fPIC -DPIC -DPIC conftest.c >&5
configure:8721: $? = 0
configure:8734: result: yes
configure:8763: checking if gcc static flag -static works
configure:8791: result: yes
configure:8806: checking if gcc supports -c -o file.o
configure:8827: gcc -c -g -O2  -o out/conftest2.o conftest.c >&5
configure:8831: $? = 0
configure:8853: result: yes
configure:8861: checking if gcc supports -c -o file.o
configure:8908: result: yes
configure:8941: checking whether the gcc linker (/usr/bin/ld -m elf_x86_64) supports shared libraries
configure:10098: result: yes
configure:10135: checking whether -lc should be explicitly linked in
configure:10143: gcc -c -g -O2  conftest.c >&5
configure:10146: $? = 0
configure:10161: gcc -shared  -fPIC -DPIC conftest.o  -v -Wl,-soname -Wl,conftest -o conftest 2\>\&1 \| /usr/bin/grep  -lc  \>/dev/null 2\>\&1
configure:10164: $? = 0
configure:10178: result: no
configure:10338: checking dynamic linker characteristics
configure:10838: gcc -o conftest -g -O2   -Wl,-rpath -Wl,/foo conftest.c  >&5
configure:10838: $? = 0
configure:11072: result: GNU/Linux ld.so
configure:11179: checking how to hardcode library paths into programs
configure:11204: result: immediate
configure:11744: checking whether stripping libraries is possible
configure:11749: result: yes
configure:11784: checking if libtool supports shared libraries
configure:11786: result: yes
configure:11789: checking whether to build shared libraries
configure:11810: result: yes
configure:11813: checking whether to build static libraries
configure:11817: result: yes
configure:8879: checking for diff
configure:8904: result: diff
configure:8912: checking whether diff accepts -u
configure:8918: result: yes
configure:8990: checking for g++
configure:9006: found /usr/bin/g++
configure:9017: result: g++
configure:9044: checking for C++ compiler version
configure:9053: g++ --version >&5
g++ (Ubuntu 11.1.0-1ubuntu1~20.04) 11.1.0
Copyright (C) 2021 Free Software Foundation, Inc.
This is free software; see the source for copying conditions.  There is NO
warranty; not even for MERCHANTABILITY or FITNESS FOR A PARTICULAR PURPOSE.

configure:9064: $? = 0
configure:9053: g++ -v >&5
Using built-in specs.
COLLECT_GCC=g++
COLLECT_LTO_WRAPPER=/usr/lib/gcc/x86_64-linux-gnu/11/lto-wrapper
OFFLOAD_TARGET_NAMES=nvptx-none:amdgcn-amdhsa
OFFLOAD_TARGET_DEFAULT=1
Target: x86_64-linux-gnu
Configured with: ../src/configure -v --with-pkgversion='Ubuntu 11.1.0-1ubuntu1~20.04' --with-bugurl=file:///usr/share/doc/gcc-11/README.Bugs --enable-languages=c,ada,c++,go,brig,d,fortran,objc,obj-c++,m2 --prefix=/usr --with-gcc-major-version-only --program-suffix=-11 --program-prefix=x86_64-linux-gnu- --enable-shared --enable-linker-build-id --libexecdir=/usr/lib --without-included-gettext --enable-threads=posix --libdir=/usr/lib --enable-nls --enable-bootstrap --enable-clocale=gnu --enable-libstdcxx-debug --enable-libstdcxx-time=yes --with-default-libstdcxx-abi=new --enable-gnu-unique-object --disable-vtable-verify --enable-plugin --enable-default-pie --with-system-zlib --enable-libphobos-checking=release --with-target-system-zlib=auto --enable-objc-gc=auto --enable-multiarch --disable-werror --disable-cet --with-arch-32=i686 --with-abi=m64 --with-multilib-list=m32,m64,mx32 --enable-multilib --with-tune=generic --enable-offload-targets=nvptx-none=/build/gcc-11-2V7zgg/gcc-11-11.1.0/debian/tmp-nvptx/usr,amdgcn-amdhsa=/build/gcc-11-2V7zgg/gcc-11-11.1.0/debian/tmp-gcn/usr --without-cuda-driver --enable-checking=release --build=x86_64-linux-gnu --host=x86_64-linux-gnu --target=x86_64-linux-gnu --with-build-config=bootstrap-lto-lean --enable-link-serialization=2
Thread model: posix
Supported LTO compression algorithms: zlib zstd
gcc version 11.1.0 (Ubuntu 11.1.0-1ubuntu1~20.04) 
... rest of stderr output deleted ...
configure:9064: $? = 0
configure:9053: g++ -V >&5
g++: error: unrecognized command-line option '-V'
g++: fatal error: no input files
compilation terminated.
configure:9064: $? = 1
configure:9053: g++ -qversion >&5
g++: error: unrecognized command-line option '-qversion'; did you mean '--version'?
g++: fatal error: no input files
compilation terminated.
configure:9064: $? = 1
configure:9068: checking whether we are using the GNU C++ compiler
configure:9087: g++ -c   conftest.cpp >&5
configure:9087: $? = 0
configure:9096: result: yes
configure:9105: checking whether g++ accepts -g
configure:9125: g++ -c -g  conftest.cpp >&5
configure:9125: $? = 0
configure:9166: result: yes
configure:9191: checking dependency style of g++
configure:9302: result: gcc3
configure:9335: checking how to run the C++ preprocessor
configure:9362: g++ -E  conftest.cpp
configure:9362: $? = 0
configure:9376: g++ -E  conftest.cpp
conftest.cpp:23:10: fatal error: ac_nonexistent.h: No such file or directory
   23 | #include <ac_nonexistent.h>
      |          ^~~~~~~~~~~~~~~~~~
compilation terminated.
configure:9376: $? = 1
configure: failed program was:
| /* confdefs.h */
| #define PACKAGE_NAME "libstudxml"
| #define PACKAGE_TARNAME "libstudxml"
| #define PACKAGE_VERSION "1.0.1"
| #define PACKAGE_STRING "libstudxml 1.0.1"
| #define PACKAGE_BUGREPORT "studxml-users@codesynthesis.com"
| #define PACKAGE_URL ""
| #define PACKAGE "libstudxml"
| #define VERSION "1.0.1"
| #define STDC_HEADERS 1
| #define HAVE_SYS_TYPES_H 1
| #define HAVE_SYS_STAT_H 1
| #define HAVE_STDLIB_H 1
| #define HAVE_STRING_H 1
| #define HAVE_MEMORY_H 1
| #define HAVE_STRINGS_H 1
| #define HAVE_INTTYPES_H 1
| #define HAVE_STDINT_H 1
| #define HAVE_UNISTD_H 1
| #define HAVE_DLFCN_H 1
| #define LT_OBJDIR ".libs/"
| /* end confdefs.h.  */
| #include <ac_nonexistent.h>
configure:9401: result: g++ -E
configure:9421: g++ -E  conftest.cpp
configure:9421: $? = 0
configure:9435: g++ -E  conftest.cpp
conftest.cpp:23:10: fatal error: ac_nonexistent.h: No such file or directory
   23 | #include <ac_nonexistent.h>
      |          ^~~~~~~~~~~~~~~~~~
compilation terminated.
configure:9435: $? = 1
configure: failed program was:
| /* confdefs.h */
| #define PACKAGE_NAME "libstudxml"
| #define PACKAGE_TARNAME "libstudxml"
| #define PACKAGE_VERSION "1.0.1"
| #define PACKAGE_STRING "libstudxml 1.0.1"
| #define PACKAGE_BUGREPORT "studxml-users@codesynthesis.com"
| #define PACKAGE_URL ""
| #define PACKAGE "libstudxml"
| #define VERSION "1.0.1"
| #define STDC_HEADERS 1
| #define HAVE_SYS_TYPES_H 1
| #define HAVE_SYS_STAT_H 1
| #define HAVE_STDLIB_H 1
| #define HAVE_STRING_H 1
| #define HAVE_MEMORY_H 1
| #define HAVE_STRINGS_H 1
| #define HAVE_INTTYPES_H 1
| #define HAVE_STDINT_H 1
| #define HAVE_UNISTD_H 1
| #define HAVE_DLFCN_H 1
| #define LT_OBJDIR ".libs/"
| /* end confdefs.h.  */
| #include <ac_nonexistent.h>
configure:9604: checking for ld used by g++
configure:9671: result: /usr/bin/ld -m elf_x86_64
configure:9678: checking if the linker (/usr/bin/ld -m elf_x86_64) is GNU ld
configure:9693: result: yes
configure:9748: checking whether the g++ linker (/usr/bin/ld -m elf_x86_64) supports shared libraries
configure:10750: result: yes
configure:10786: g++ -c -g -O2  conftest.cpp >&5
configure:10789: $? = 0
configure:11309: checking for g++ option to produce PIC
configure:11316: result: -fPIC -DPIC
configure:11324: checking if g++ PIC flag -fPIC -DPIC works
configure:11342: g++ -c -g -O2  -fPIC -DPIC -DPIC conftest.cpp >&5
configure:11346: $? = 0
configure:11359: result: yes
configure:11382: checking if g++ static flag -static works
configure:11410: result: yes
configure:11422: checking if g++ supports -c -o file.o
configure:11443: g++ -c -g -O2  -o out/conftest2.o conftest.cpp >&5
configure:11447: $? = 0
configure:11469: result: yes
configure:11474: checking if g++ supports -c -o file.o
configure:11521: result: yes
configure:11551: checking whether the g++ linker (/usr/bin/ld -m elf_x86_64) supports shared libraries
configure:11590: result: yes
configure:11731: checking dynamic linker characteristics
configure:12399: result: GNU/Linux ld.so
configure:12452: checking how to hardcode library paths into programs
configure:12477: result: immediate
configure:11463: creating ./config.lt

## ------------------ ##
## Running config.lt. ##
## ------------------ ##
config.lt:678: creating libtool
configure:13103: checking if we should use external expat
configure:13226: result: no
configure:13242: checking whether byte ordering is bigendian
configure:13257: g++ -c -g -O2  conftest.cpp >&5
conftest.cpp:24:16: error: expected unqualified-id before 'not' token
   24 |                not a universal capable compiler
      |                ^~~
configure:13257: $? = 1
configure: failed program was:
| /* confdefs.h */
| #define PACKAGE_NAME "libstudxml"
| #define PACKAGE_TARNAME "libstudxml"
| #define PACKAGE_VERSION "1.0.1"
| #define PACKAGE_STRING "libstudxml 1.0.1"
| #define PACKAGE_BUGREPORT "studxml-users@codesynthesis.com"
| #define PACKAGE_URL ""
| #define PACKAGE "libstudxml"
| #define VERSION "1.0.1"
| #define STDC_HEADERS 1
| #define HAVE_SYS_TYPES_H 1
| #define HAVE_SYS_STAT_H 1
| #define HAVE_STDLIB_H 1
| #define HAVE_STRING_H 1
| #define HAVE_MEMORY_H 1
| #define HAVE_STRINGS_H 1
| #define HAVE_INTTYPES_H 1
| #define HAVE_STDINT_H 1
| #define HAVE_UNISTD_H 1
| #define HAVE_DLFCN_H 1
| #define LT_OBJDIR ".libs/"
| /* end confdefs.h.  */
| #ifndef __APPLE_CC__
| 	       not a universal capable compiler
| 	     #endif
| 	     typedef int dummy;
| 
configure:13302: g++ -c -g -O2  conftest.cpp >&5
configure:13302: $? = 0
configure:13320: g++ -c -g -O2  conftest.cpp >&5
conftest.cpp: In function 'int main()':
conftest.cpp:30:22: error: 'big' was not declared in this scope
   30 |                  not big endian
      |                      ^~~
configure:13320: $? = 1
configure: failed program was:
| /* confdefs.h */
| #define PACKAGE_NAME "libstudxml"
| #define PACKAGE_TARNAME "libstudxml"
| #define PACKAGE_VERSION "1.0.1"
| #define PACKAGE_STRING "libstudxml 1.0.1"
| #define PACKAGE_BUGREPORT "studxml-users@codesynthesis.com"
| #define PACKAGE_URL ""
| #define PACKAGE "libstudxml"
| #define VERSION "1.0.1"
| #define STDC_HEADERS 1
| #define HAVE_SYS_TYPES_H 1
| #define HAVE_SYS_STAT_H 1
| #define HAVE_STDLIB_H 1
| #define HAVE_STRING_H 1
| #define HAVE_MEMORY_H 1
| #define HAVE_STRINGS_H 1
| #define HAVE_INTTYPES_H 1
| #define HAVE_STDINT_H 1
| #define HAVE_UNISTD_H 1
| #define HAVE_DLFCN_H 1
| #define LT_OBJDIR ".libs/"
| /* end confdefs.h.  */
| #include <sys/types.h>
| 		#include <sys/param.h>
| 
| int
| main ()
| {
| #if BYTE_ORDER != BIG_ENDIAN
| 		 not big endian
| 		#endif
| 
|   ;
|   return 0;
| }
configure:13448: result: no
configure:13505: checking whether to use rpath
configure:13514: result: yes
configure:13632: checking that generated files are newer than configure
configure:13638: result: done
configure:13670: creating ./config.status

## ---------------------- ##
## Running config.status. ##
## ---------------------- ##

This file was extended by libstudxml config.status 1.0.1, which was
generated by GNU Autoconf 2.69.  Invocation command line was

  CONFIG_FILES    = 
  CONFIG_HEADERS  = 
  CONFIG_LINKS    = 
  CONFIG_COMMANDS = 
  $ ./config.status 

on PC

config.status:1163: creating doc/Makefile
config.status:1163: creating examples/hybrid/Makefile
config.status:1163: creating examples/inheritance/Makefile
config.status:1163: creating examples/Makefile
config.status:1163: creating examples/performance/Makefile
config.status:1163: creating examples/persistence/Makefile
config.status:1163: creating examples/processing/Makefile
config.status:1163: creating examples/roundtrip/Makefile
config.status:1163: creating libstudxml.pc
config.status:1163: creating Makefile
config.status:1163: creating tester
config.status:1163: creating tests/Makefile
config.status:1163: creating tests/parser/Makefile
config.status:1163: creating tests/roundtrip/Makefile
config.status:1163: creating tests/serializer/Makefile
config.status:1163: creating xml/Makefile
config.status:1163: creating xml/config.h
config.status:1344: xml/config.h is unchanged
config.status:1163: creating xml/details/config.h
config.status:1344: xml/details/config.h is unchanged
config.status:1392: executing depfiles commands
config.status:1392: executing libtool commands
config.status:1392: executing libtool-rpath-patch commands
config.status:1392: executing tester-mode commands

## ---------------- ##
## Cache variables. ##
## ---------------- ##

ac_cv_build=x86_64-unknown-linux-gnu
ac_cv_c_bigendian=no
ac_cv_c_compiler_gnu=yes
ac_cv_cxx_compiler_gnu=yes
ac_cv_env_CCC_set=
ac_cv_env_CCC_value=
ac_cv_env_CC_set=
ac_cv_env_CC_value=
ac_cv_env_CFLAGS_set=
ac_cv_env_CFLAGS_value=
ac_cv_env_CPPFLAGS_set=
ac_cv_env_CPPFLAGS_value=
ac_cv_env_CPP_set=
ac_cv_env_CPP_value=
ac_cv_env_CXXCPP_set=
ac_cv_env_CXXCPP_value=
ac_cv_env_CXXFLAGS_set=
ac_cv_env_CXXFLAGS_value=
ac_cv_env_CXX_set=
ac_cv_env_CXX_value=
ac_cv_env_DIFFFLAGS_set=
ac_cv_env_DIFFFLAGS_value=
ac_cv_env_DIFF_set=
ac_cv_env_DIFF_value=
ac_cv_env_LDFLAGS_set=
ac_cv_env_LDFLAGS_value=
ac_cv_env_LIBS_set=
ac_cv_env_LIBS_value=
ac_cv_env_build_alias_set=
ac_cv_env_build_alias_value=
ac_cv_env_host_alias_set=
ac_cv_env_host_alias_value=
ac_cv_env_target_alias_set=
ac_cv_env_target_alias_value=
ac_cv_header_dlfcn_h=yes
ac_cv_header_inttypes_h=yes
ac_cv_header_memory_h=yes
ac_cv_header_stdc=yes
ac_cv_header_stdint_h=yes
ac_cv_header_stdlib_h=yes
ac_cv_header_string_h=yes
ac_cv_header_strings_h=yes
ac_cv_header_sys_stat_h=yes
ac_cv_header_sys_types_h=yes
ac_cv_header_unistd_h=yes
ac_cv_host=x86_64-unknown-linux-gnu
ac_cv_objext=o
ac_cv_path_EGREP='/usr/bin/grep -E'
ac_cv_path_FGREP='/usr/bin/grep -F'
ac_cv_path_GREP=/usr/bin/grep
ac_cv_path_SED=/usr/bin/sed
ac_cv_path_install='/usr/bin/install -c'
ac_cv_path_mkdir=/usr/bin/mkdir
ac_cv_prog_AWK=gawk
ac_cv_prog_CPP='gcc -E'
ac_cv_prog_CXXCPP='g++ -E'
ac_cv_prog_ac_ct_AR=ar
ac_cv_prog_ac_ct_CC=gcc
ac_cv_prog_ac_ct_CXX=g++
ac_cv_prog_ac_ct_MANIFEST_TOOL=mt
ac_cv_prog_ac_ct_OBJDUMP=objdump
ac_cv_prog_ac_ct_RANLIB=ranlib
ac_cv_prog_ac_ct_STRIP=strip
ac_cv_prog_cc_c89=
ac_cv_prog_cc_g=yes
ac_cv_prog_cxx_g=yes
ac_cv_prog_make_make_set=yes
am_cv_CC_dependencies_compiler_type=gcc3
am_cv_CXX_dependencies_compiler_type=gcc3
am_cv_ar_interface=ar
am_cv_prog_tar_ustar=gnutar
lt_cv_ar_at_file=@
lt_cv_archive_cmds_need_lc=no
lt_cv_deplibs_check_method=pass_all
lt_cv_file_magic_cmd='$MAGIC_CMD'
lt_cv_file_magic_test_file=
lt_cv_ld_reload_flag=-r
lt_cv_nm_interface='BSD nm'
lt_cv_objdir=.libs
lt_cv_path_LD=/usr/bin/ld
lt_cv_path_LDCXX='/usr/bin/ld -m elf_x86_64'
lt_cv_path_NM='/usr/bin/nm -B'
lt_cv_path_mainfest_tool=no
lt_cv_prog_compiler_c_o=yes
lt_cv_prog_compiler_c_o_CXX=yes
lt_cv_prog_compiler_pic='-fPIC -DPIC'
lt_cv_prog_compiler_pic_CXX='-fPIC -DPIC'
lt_cv_prog_compiler_pic_works=yes
lt_cv_prog_compiler_pic_works_CXX=yes
lt_cv_prog_compiler_rtti_exceptions=no
lt_cv_prog_compiler_static_works=yes
lt_cv_prog_compiler_static_works_CXX=yes
lt_cv_prog_gnu_ld=yes
lt_cv_prog_gnu_ldcxx=yes
lt_cv_sharedlib_from_linklib_cmd='printf %s\n'
lt_cv_shlibpath_overrides_runpath=yes
lt_cv_sys_global_symbol_pipe='sed -n -e '\''s/^.*[	 ]\([ABCDGIRSTW][ABCDGIRSTW]*\)[	 ][	 ]*\([_A-Za-z][_A-Za-z0-9]*\)$/\1 \2 \2/p'\'' | sed '\''/ __gnu_lto/d'\'''
lt_cv_sys_global_symbol_to_c_name_address='sed -n -e '\''s/^: \([^ ]*\)[ ]*$/  {\"\1\", (void *) 0},/p'\'' -e '\''s/^[ABCDGIRSTW]* \([^ ]*\) \([^ ]*\)$/  {"\2", (void *) \&\2},/p'\'''
lt_cv_sys_global_symbol_to_c_name_address_lib_prefix='sed -n -e '\''s/^: \([^ ]*\)[ ]*$/  {\"\1\", (void *) 0},/p'\'' -e '\''s/^[ABCDGIRSTW]* \([^ ]*\) \(lib[^ ]*\)$/  {"\2", (void *) \&\2},/p'\'' -e '\''s/^[ABCDGIRSTW]* \([^ ]*\) \([^ ]*\)$/  {"lib\2", (void *) \&\2},/p'\'''
lt_cv_sys_global_symbol_to_cdecl='sed -n -e '\''s/^T .* \(.*\)$/extern int \1();/p'\'' -e '\''s/^[ABCDGIRSTW]* .* \(.*\)$/extern char \1;/p'\'''
lt_cv_sys_max_cmd_len=1572864
lt_cv_to_host_file_cmd=func_convert_file_noop
lt_cv_to_tool_file_cmd=func_convert_file_noop

## ----------------- ##
## Output variables. ##
## ----------------- ##

ACLOCAL='${SHELL} /home/jonathan/Bureau/CPP/RayTracing/libs/libstudxml-1.0.1/config/missing --run aclocal-1.12'
AMDEPBACKSLASH='\'
AMDEP_FALSE='#'
AMDEP_TRUE=''
AMTAR='$${TAR-tar}'
AR='ar'
AS='as'
AUTOCONF='${SHELL} /home/jonathan/Bureau/CPP/RayTracing/libs/libstudxml-1.0.1/config/missing --run autoconf'
AUTOHEADER='${SHELL} /home/jonathan/Bureau/CPP/RayTracing/libs/libstudxml-1.0.1/config/missing --run autoheader'
AUTOMAKE='${SHELL} /home/jonathan/Bureau/CPP/RayTracing/libs/libstudxml-1.0.1/config/missing --run automake-1.12'
AWK='gawk'
CC='gcc'
CCDEPMODE='depmode=gcc3'
CFLAGS='-g -O2'
CPP='gcc -E'
CPPFLAGS=''
CXX='g++'
CXXCPP='g++ -E'
CXXDEPMODE='depmode=gcc3'
CXXFLAGS='-g -O2'
CYGPATH_W='echo'
DEFS='-DHAVE_CONFIG_H'
DEPDIR='.deps'
DIFF='diff'
DIFFFLAGS=' -u'
DLLTOOL='false'
DSYMUTIL=''
DUMPBIN=''
ECHO_C=''
ECHO_N='-n'
ECHO_T=''
EGREP='/usr/bin/grep -E'
EXEEXT=''
FGREP='/usr/bin/grep -F'
GREP='/usr/bin/grep'
INSTALL_DATA='${INSTALL} -m 644'
INSTALL_PROGRAM='${INSTALL}'
INSTALL_SCRIPT='${INSTALL}'
INSTALL_STRIP_PROGRAM='$(install_sh) -c -s'
LD='/usr/bin/ld -m elf_x86_64'
LDFLAGS=''
LIBOBJS=''
LIBS=''
LIBSTUDXML_EXTERNAL_EXPAT_FALSE=''
LIBSTUDXML_EXTERNAL_EXPAT_TRUE='#'
LIBTOOL='$(SHELL) $(top_builddir)/libtool'
LIPO=''
LN_S='ln -s'
LTLIBOBJS=''
MAKEINFO='${SHELL} /home/jonathan/Bureau/CPP/RayTracing/libs/libstudxml-1.0.1/config/missing --run makeinfo'
MANIFEST_TOOL=':'
MKDIR_P='/usr/bin/mkdir -p'
NM='/usr/bin/nm -B'
NMEDIT=''
OBJDUMP='objdump'
OBJEXT='o'
OTOOL64=''
OTOOL=''
PACKAGE='libstudxml'
PACKAGE_BUGREPORT='studxml-users@codesynthesis.com'
PACKAGE_NAME='libstudxml'
PACKAGE_STRING='libstudxml 1.0.1'
PACKAGE_TARNAME='libstudxml'
PACKAGE_URL=''
PACKAGE_VERSION='1.0.1'
PATH_SEPARATOR=':'
RANLIB='ranlib'
SED='/usr/bin/sed'
SET_MAKE=''
SHELL='/bin/bash'
STRIP='strip'
VERSION='1.0.1'
ac_ct_AR='ar'
ac_ct_CC='gcc'
ac_ct_CXX='g++'
ac_ct_DUMPBIN=''
am__EXEEXT_FALSE=''
am__EXEEXT_TRUE='#'
am__fastdepCC_FALSE='#'
am__fastdepCC_TRUE=''
am__fastdepCXX_FALSE='#'
am__fastdepCXX_TRUE=''
am__include='include'
am__isrc=''
am__leading_dot='.'
am__nodep='_no'
am__quote=''
am__tar='tar --format=ustar -chf - "$$tardir"'
am__untar='tar -xf -'
bindir='${exec_prefix}/bin'
build='x86_64-unknown-linux-gnu'
build_alias=''
build_cpu='x86_64'
build_os='linux-gnu'
build_vendor='unknown'
datadir='${datarootdir}'
datarootdir='${prefix}/share'
docdir='${datarootdir}/doc/${PACKAGE_TARNAME}'
dvidir='${docdir}'
exec_prefix='${prefix}'
host='x86_64-unknown-linux-gnu'
host_alias=''
host_cpu='x86_64'
host_os='linux-gnu'
host_vendor='unknown'
htmldir='${docdir}'
includedir='${prefix}/include'
infodir='${datarootdir}/info'
install_sh='${SHELL} /home/jonathan/Bureau/CPP/RayTracing/libs/libstudxml-1.0.1/config/install-sh'
libdir='${exec_prefix}/lib'
libexecdir='${exec_prefix}/libexec'
localedir='${datarootdir}/locale'
localstatedir='${prefix}/var'
mandir='${datarootdir}/man'
mkdir_p='$(MKDIR_P)'
oldincludedir='/usr/include'
pdfdir='${docdir}'
pkgconfigdir='${libdir}/pkgconfig'
prefix='/usr/local'
program_transform_name='s,x,x,'
psdir='${docdir}'
sbindir='${exec_prefix}/sbin'
sharedstatedir='${prefix}/com'
sysconfdir='${prefix}/etc'
target_alias=''

## ----------- ##
## confdefs.h. ##
## ----------- ##

/* confdefs.h */
#define PACKAGE_NAME "libstudxml"
#define PACKAGE_TARNAME "libstudxml"
#define PACKAGE_VERSION "1.0.1"
#define PACKAGE_STRING "libstudxml 1.0.1"
#define PACKAGE_BUGREPORT "studxml-users@codesynthesis.com"
#define PACKAGE_URL ""
#define PACKAGE "libstudxml"
#define VERSION "1.0.1"
#define STDC_HEADERS 1
#define HAVE_SYS_TYPES_H 1
#define HAVE_SYS_STAT_H 1
#define HAVE_STDLIB_H 1
#define HAVE_STRING_H 1
#define HAVE_MEMORY_H 1
#define HAVE_STRINGS_H 1
#define HAVE_INTTYPES_H 1
#define HAVE_STDINT_H 1
#define HAVE_UNISTD_H 1
#define HAVE_DLFCN_H 1
#define LT_OBJDIR ".libs/"
#define LIBSTUDXML_BYTEORDER 1234

configure: exit 0
